<?xml version="1.0" encoding="UTF-8"?>
<testsuite xmlns:xsi="http://www.w3.org/2001/XMLSchema-instance" xsi:noNamespaceSchemaLocation="https://maven.apache.org/surefire/maven-surefire-plugin/xsd/surefire-test-report.xsd" name="Runners.TestRunner" time="349.798" tests="18" errors="0" skipped="0" failures="3">
  <properties>
[...]
</properties>
  <testcase name="runScenario" classname="Runners.TestRunner" time="21.82"/>
  <testcase name="runScenario" classname="Runners.TestRunner" time="23.849"/>
  <testcase name="runScenario" classname="Runners.TestRunner" time="12.97"/>
  <testcase name="runScenario" classname="Runners.TestRunner" time="11.083"/>
  <testcase name="runScenario" classname="Runners.TestRunner" time="11.706"/>
  <testcase name="runScenario" classname="Runners.TestRunner" time="20.985"/>
  <testcase name="runScenario" classname="Runners.TestRunner" time="13.317"/>
  <testcase name="runScenario" classname="Runners.TestRunner" time="19.714"/>
  <testcase name="runScenario" classname="Runners.TestRunner" time="11.165">
    <failure message="expected [https://demo.nopcommerce.com/nokia-lumia-1020] but found [https://demo.nopcommerce.com/]" type="java.lang.AssertionError">java.lang.AssertionError: expected [https://demo.nopcommerce.com/nokia-lumia-1020] but found [https://demo.nopcommerce.com/]
</failure>
    <system-out><![CDATA[
@smoke
Scenario: user could navigate successfully to related page when click on Nokia slider wrapper # src/main/resources/Features/F06_SliderWrapper.feature:4
  When user click on Nokia slider wrapper                                                     # Step_Definitions.D06_SliderWrapper.click_on_Nokia_sliderwrapper()
  Then user navigate to Nokia related page                                                    # Step_Definitions.D06_SliderWrapper.navigate_to_Nokia_related_page()
      java.lang.AssertionError: expected [https://demo.nopcommerce.com/nokia-lumia-1020] but found [https://demo.nopcommerce.com/]
	at org.testng.Assert.fail(Assert.java:99)
	at org.testng.Assert.failNotEquals(Assert.java:1037)
	at org.testng.Assert.assertEqualsImpl(Assert.java:140)
	at org.testng.Assert.assertEquals(Assert.java:122)
	at org.testng.Assert.assertEquals(Assert.java:629)
	at org.testng.Assert.assertEquals(Assert.java:639)
	at Step_Definitions.D06_SliderWrapper.navigate_to_Nokia_related_page(D06_SliderWrapper.java:18)
	at âœ½.user navigate to Nokia related page(file:///C:/Users/ASMAA%20AHMED/IdeaProjects/Asmaa_FinalProject_NopCommerce/src/main/resources/Features/F06_SliderWrapper.feature:6)

]]></system-out>
    <system-err><![CDATA[[main] INFO io.github.bonigarcia.wdm.WebDriverManager - Using chromedriver 100.0.4896.60 (since Google Chrome 100 is installed in your machine)
[main] INFO io.github.bonigarcia.wdm.WebDriverManager - Exporting webdriver.chrome.driver as C:\Users\ASMAA AHMED\.m2\repository\webdriver\chromedriver\win32\100.0.4896.60\chromedriver.exe
Starting ChromeDriver 100.0.4896.60 (6a5d10861ce8de5fce22564658033b43cb7de047-refs/branch-heads/4896@{#875}) on port 54890
Only local connections are allowed.
Please see https://chromedriver.chromium.org/security-considerations for suggestions on keeping ChromeDriver safe.
ChromeDriver was started successfully.
May 01, 2022 4:30:57 PM org.openqa.selenium.remote.ProtocolHandshake createSession
INFO: Detected dialect: W3C
May 01, 2022 4:30:57 PM org.openqa.selenium.devtools.CdpVersionFinder findNearestMatch
WARNING: Unable to find an exact match for CDP version 100, so returning the closest version found: 97
May 01, 2022 4:30:57 PM org.openqa.selenium.devtools.CdpVersionFinder findNearestMatch
INFO: Found CDP implementation for version 100 of 97
]]></system-err>
  </testcase>
  <testcase name="runScenario" classname="Runners.TestRunner" time="14.363">
    <failure message="expected [https://demo.nopcommerce.com/iphoneS6] but found [https://demo.nopcommerce.com/]" type="java.lang.AssertionError">java.lang.AssertionError: expected [https://demo.nopcommerce.com/iphoneS6] but found [https://demo.nopcommerce.com/]
</failure>
    <system-out><![CDATA[
@smoke
Scenario: user could navigate successfully to related page when click on Iphone slider wrapper # src/main/resources/Features/F06_SliderWrapper.feature:8
  When user click on Iphone slider wrapper                                                     # Step_Definitions.D06_SliderWrapper.click_on_Iphone_sliderwrapper()
  Then user navigate to Iphone related page                                                    # Step_Definitions.D06_SliderWrapper.navigate_to_Iphone_related_page()
      java.lang.AssertionError: expected [https://demo.nopcommerce.com/iphoneS6] but found [https://demo.nopcommerce.com/]
	at org.testng.Assert.fail(Assert.java:99)
	at org.testng.Assert.failNotEquals(Assert.java:1037)
	at org.testng.Assert.assertEqualsImpl(Assert.java:140)
	at org.testng.Assert.assertEquals(Assert.java:122)
	at org.testng.Assert.assertEquals(Assert.java:629)
	at org.testng.Assert.assertEquals(Assert.java:639)
	at Step_Definitions.D06_SliderWrapper.navigate_to_Iphone_related_page(D06_SliderWrapper.java:28)
	at âœ½.user navigate to Iphone related page(file:///C:/Users/ASMAA%20AHMED/IdeaProjects/Asmaa_FinalProject_NopCommerce/src/main/resources/Features/F06_SliderWrapper.feature:10)

]]></system-out>
    <system-err><![CDATA[[main] INFO io.github.bonigarcia.wdm.WebDriverManager - Using chromedriver 100.0.4896.60 (since Google Chrome 100 is installed in your machine)
[main] INFO io.github.bonigarcia.wdm.WebDriverManager - Exporting webdriver.chrome.driver as C:\Users\ASMAA AHMED\.m2\repository\webdriver\chromedriver\win32\100.0.4896.60\chromedriver.exe
Starting ChromeDriver 100.0.4896.60 (6a5d10861ce8de5fce22564658033b43cb7de047-refs/branch-heads/4896@{#875}) on port 52144
Only local connections are allowed.
Please see https://chromedriver.chromium.org/security-considerations for suggestions on keeping ChromeDriver safe.
ChromeDriver was started successfully.
May 01, 2022 4:31:09 PM org.openqa.selenium.remote.ProtocolHandshake createSession
INFO: Detected dialect: W3C
May 01, 2022 4:31:09 PM org.openqa.selenium.devtools.CdpVersionFinder findNearestMatch
WARNING: Unable to find an exact match for CDP version 100, so returning the closest version found: 97
May 01, 2022 4:31:09 PM org.openqa.selenium.devtools.CdpVersionFinder findNearestMatch
INFO: Found CDP implementation for version 100 of 97
]]></system-err>
  </testcase>
  <testcase name="runScenario" classname="Runners.TestRunner" time="16.088"/>
  <testcase name="runScenario" classname="Runners.TestRunner" time="15.662"/>
  <testcase name="runScenario" classname="Runners.TestRunner" time="28.335">
    <failure message="Expected condition failed: waiting for number of open windows to be 2 (tried for 15 second(s) with 500 milliseconds interval)&#10;Build info: version: &apos;4.1.2&apos;, revision: &apos;9a5a329c5a&apos;&#10;System info: host: &apos;DESKTOP-BODON4L&apos;, ip: &apos;192.168.1.6&apos;, os.name: &apos;Windows 10&apos;, os.arch: &apos;amd64&apos;, os.version: &apos;10.0&apos;, java.version: &apos;1.8.0_311&apos;&#10;Driver info: org.openqa.selenium.chrome.ChromeDriver&#10;Capabilities {acceptInsecureCerts: false, browserName: chrome, browserVersion: 100.0.4896.127, chrome: {chromedriverVersion: 100.0.4896.60 (6a5d10861ce8..., userDataDir: C:\Users\ASMAAA~1\AppData\L...}, goog:chromeOptions: {debuggerAddress: localhost:58265}, javascriptEnabled: true, networkConnectionEnabled: false, pageLoadStrategy: normal, platform: WINDOWS, platformName: WINDOWS, proxy: Proxy(), se:cdp: ws://localhost:58265/devtoo..., se:cdpVersion: 100.0.4896.127, setWindowRect: true, strictFileInteractability: false, timeouts: {implicit: 0, pageLoad: 300000, script: 30000}, unhandledPromptBehavior: dismiss and notify, webauthn:extension:credBlob: true, webauthn:extension:largeBlob: true, webauthn:virtualAuthenticators: true}&#10;Session ID: 11b8575b17cf21af811009b675be4458" type="org.openqa.selenium.TimeoutException">org.openqa.selenium.TimeoutException: 
Expected condition failed: waiting for number of open windows to be 2 (tried for 15 second(s) with 500 milliseconds interval)
Build info: version: '4.1.2', revision: '9a5a329c5a'
System info: host: 'DESKTOP-BODON4L', ip: '192.168.1.6', os.name: 'Windows 10', os.arch: 'amd64', os.version: '10.0', java.version: '1.8.0_311'
Driver info: org.openqa.selenium.chrome.ChromeDriver
Capabilities {acceptInsecureCerts: false, browserName: chrome, browserVersion: 100.0.4896.127, chrome: {chromedriverVersion: 100.0.4896.60 (6a5d10861ce8..., userDataDir: C:\Users\ASMAAA~1\AppData\L...}, goog:chromeOptions: {debuggerAddress: localhost:58265}, javascriptEnabled: true, networkConnectionEnabled: false, pageLoadStrategy: normal, platform: WINDOWS, platformName: WINDOWS, proxy: Proxy(), se:cdp: ws://localhost:58265/devtoo..., se:cdpVersion: 100.0.4896.127, setWindowRect: true, strictFileInteractability: false, timeouts: {implicit: 0, pageLoad: 300000, script: 30000}, unhandledPromptBehavior: dismiss and notify, webauthn:extension:credBlob: true, webauthn:extension:largeBlob: true, webauthn:virtualAuthenticators: true}
Session ID: 11b8575b17cf21af811009b675be4458
</failure>
    <system-out><![CDATA[
@smoke
Scenario: when user press on news icon,it should open the corresponding website # src/main/resources/Features/F07_FollowUs.feature:11
  When user click on news icon                                                  # Step_Definitions.D07_FollowUs_StepDefs.click_on_news_icon()
      org.openqa.selenium.TimeoutException: Expected condition failed: waiting for number of open windows to be 2 (tried for 15 second(s) with 500 milliseconds interval)
Build info: version: '4.1.2', revision: '9a5a329c5a'
System info: host: 'DESKTOP-BODON4L', ip: '192.168.1.6', os.name: 'Windows 10', os.arch: 'amd64', os.version: '10.0', java.version: '1.8.0_311'
Driver info: org.openqa.selenium.chrome.ChromeDriver
Capabilities {acceptInsecureCerts: false, browserName: chrome, browserVersion: 100.0.4896.127, chrome: {chromedriverVersion: 100.0.4896.60 (6a5d10861ce8..., userDataDir: C:\Users\ASMAAA~1\AppData\L...}, goog:chromeOptions: {debuggerAddress: localhost:58265}, javascriptEnabled: true, networkConnectionEnabled: false, pageLoadStrategy: normal, platform: WINDOWS, platformName: WINDOWS, proxy: Proxy(), se:cdp: ws://localhost:58265/devtoo..., se:cdpVersion: 100.0.4896.127, setWindowRect: true, strictFileInteractability: false, timeouts: {implicit: 0, pageLoad: 300000, script: 30000}, unhandledPromptBehavior: dismiss and notify, webauthn:extension:credBlob: true, webauthn:extension:largeBlob: true, webauthn:virtualAuthenticators: true}
Session ID: 11b8575b17cf21af811009b675be4458
	at org.openqa.selenium.support.ui.WebDriverWait.timeoutException(WebDriverWait.java:138)
	at org.openqa.selenium.support.ui.FluentWait.until(FluentWait.java:231)
	at Step_Definitions.D07_FollowUs_StepDefs.click_on_news_icon(D07_FollowUs_StepDefs.java:82)
	at âœ½.user click on news icon(file:///C:/Users/ASMAA%20AHMED/IdeaProjects/Asmaa_FinalProject_NopCommerce/src/main/resources/Features/F07_FollowUs.feature:12)

  Then user logged successfully to the news website                             # Step_Definitions.D07_FollowUs_StepDefs.news_website()
]]></system-out>
    <system-err><![CDATA[[main] INFO io.github.bonigarcia.wdm.WebDriverManager - Using chromedriver 100.0.4896.60 (since Google Chrome 100 is installed in your machine)
[main] INFO io.github.bonigarcia.wdm.WebDriverManager - Exporting webdriver.chrome.driver as C:\Users\ASMAA AHMED\.m2\repository\webdriver\chromedriver\win32\100.0.4896.60\chromedriver.exe
Starting ChromeDriver 100.0.4896.60 (6a5d10861ce8de5fce22564658033b43cb7de047-refs/branch-heads/4896@{#875}) on port 58220
Only local connections are allowed.
Please see https://chromedriver.chromium.org/security-considerations for suggestions on keeping ChromeDriver safe.
ChromeDriver was started successfully.
May 01, 2022 4:31:55 PM org.openqa.selenium.remote.ProtocolHandshake createSession
INFO: Detected dialect: W3C
May 01, 2022 4:31:55 PM org.openqa.selenium.devtools.CdpVersionFinder findNearestMatch
WARNING: Unable to find an exact match for CDP version 100, so returning the closest version found: 97
May 01, 2022 4:31:55 PM org.openqa.selenium.devtools.CdpVersionFinder findNearestMatch
INFO: Found CDP implementation for version 100 of 97
]]></system-err>
  </testcase>
  <testcase name="runScenario" classname="Runners.TestRunner" time="22.942"/>
  <testcase name="runScenario" classname="Runners.TestRunner" time="19.745"/>
  <testcase name="runScenario" classname="Runners.TestRunner" time="16.429"/>
  <testcase name="runScenario" classname="Runners.TestRunner" time="20.07"/>
  <testcase name="runScenario" classname="Runners.TestRunner" time="46.226"/>
</testsuite>